2024-03-07T16:45:20.982276+0300 INFO Код аутентификации получен
2024-03-07T16:45:21.412573+0300 INFO Ответ получен
2024-03-07T16:45:21.413511+0300 INFO Токен получен
2024-03-07T16:45:25.155863+0300 INFO POST-запрос получен и обработан
2024-03-07T16:45:25.156745+0300 INFO Ответ получен и выведен
2024-03-07T16:45:30.815533+0300 INFO Код аутентификации получен
2024-03-07T16:45:31.274728+0300 INFO Ответ получен
2024-03-07T16:45:31.275714+0300 INFO Токен получен
2024-03-07T16:45:34.090691+0300 INFO POST-запрос получен и обработан
2024-03-07T16:45:34.091586+0300 INFO Ответ получен и выведен
2024-03-10T02:22:20.562628+0300 INFO Код аутентификации получен
2024-03-10T02:22:20.702771+0300 INFO Ответ получен
2024-03-10T02:22:20.703022+0300 INFO Токен получен
2024-03-10T02:22:33.564681+0300 INFO POST-запрос получен и обработан
2024-03-10T02:22:33.565701+0300 INFO Ответ получен и выведен
2024-03-10T02:27:15.942802+0300 INFO Код аутентификации получен
2024-03-10T02:27:16.059337+0300 INFO Ответ получен
2024-03-10T02:27:16.059559+0300 INFO Токен получен
2024-03-10T02:27:24.587409+0300 INFO POST-запрос получен и обработан
2024-03-10T02:27:24.588450+0300 INFO Ответ получен и выведен
